<?xml version="1.0" encoding="UTF-8"?>
<!-- Generated by org.testng.reporters.JUnitReportReporter -->
<testsuite hostname="LIN-3KDZ1J3" failures="0" tests="3" name="xlresource.scenario" time="16.517" errors="0" timestamp="2024-04-02T14:40:30 IST" skipped="0">
  <testcase classname="xlresource.scenario" name="scenario" time="5.362"/>
  <system-out/>
  <testcase classname="xlresource.scenario" name="scenario" time="4.410"/>
  <system-out/>
  <testcase classname="xlresource.scenario" name="scenario" time="6.745"/>
  <system-out/>
</testsuite> <!-- xlresource.scenario -->
