<?xml version="1.0" encoding="UTF-8"?>
<!-- Generated by org.testng.reporters.JUnitReportReporter -->
<testsuite hostname="LIN-3KDZ1J3" failures="0" tests="5" name="runner.runnerSample" time="169.568" errors="0" timestamp="2024-04-02T14:16:31 IST" skipped="0">
  <testcase classname="runner.runnerSample" name="runScenario" time="33.436"/>
  <system-out/>
  <testcase classname="runner.runnerSample" name="runScenario" time="30.814"/>
  <system-out/>
  <testcase classname="runner.runnerSample" name="runScenario" time="32.428"/>
  <system-out/>
  <testcase classname="runner.runnerSample" name="runScenario" time="36.695"/>
  <system-out/>
  <testcase classname="runner.runnerSample" name="runScenario" time="36.195"/>
  <system-out/>
</testsuite> <!-- runner.runnerSample -->
